Added Parameter Manufacturer Part Number= to Part U
Added Parameter Manufacturer Part Number= to Implementation PCBLIB QFN50P600X600X100-41P
Added Parameter Manufacturer Part Number= to Implementation PCBLIB 0402_C
Added Parameter Manufacturer Part Number= to Implementation PCBLIB 0603_C
Added Parameter Manufacturer Part Number= to Implementation PCBLIB 0805_C
Added Parameter Manufacturer Part Number= to Implementation PCBLIB 1206_C
Added Parameter Manufacturer Part Number= to Implementation PCBLIB 1210_C
Added Parameter Manufacturer Part Number= to Part C?
Added Parameter Manufacturer Part Number= to Implementation PCBLIB FP-ABM8G-MFG
Added Parameter Manufacturer Part Number= to Part Y?
Added Parameter Manufacturer Part Number= to Implementation PCBLIB 0603_LED
Added Parameter Manufacturer Part Number= to Implementation PCBLIB 0805_LED
Added Parameter Manufacturer Part Number= to Part LED?
Added Parameter Manufacturer Part Number= to Library 
Added Parameter Manufacturer Part Number= to Implementation PCBLIB 0402_R
Added Parameter Manufacturer Part Number= to Implementation PCBLIB 0603_R
Added Parameter Manufacturer Part Number= to Implementation PCBLIB 0805_R
Added Parameter Manufacturer Part Number= to Implementation PCBLIB 1206_R
Added Parameter Manufacturer Part Number= to Implementation PCBLIB 2010_Res
Added Parameter Manufacturer Part Number= to Implementation PCBLIB 2512_R
